

<!DOCTYPE html>
<html>
<head>
	<meta charset='UTF-8' /> 
	<meta name='description' content='' />
	<meta name='robots' content='noodp, noydir' />
	<meta name='viewport' content='width=device-width, initial-scale=1' />
	<meta id="timeStampFormat" name="timeStampFormat" content='MMM d, yyyy hh:mm:ss a'/>
	
	<link href='http://fonts.googleapis.com/css?family=Source+Sans+Pro:400,600' rel='stylesheet' type='text/css' />
	<link href="http://fonts.googleapis.com/icon?family=Material+Icons" rel="stylesheet" />
	<link href='http://cdn.rawgit.com/extent-framework/extent-github-cdn/b65cd69/v3html/css/extent.css' type='text/css' rel='stylesheet' />
	
	<title>SITA NETRUM</title>

	<style type='text/css'>
		/* json-tree */
		.jstBracket,.jstComma,.jstValue{white-space:pre-wrap}.jstValue{font-size:10px;font-weight:400;font-family:"Lucida Console",Monaco,monospace}.jstProperty{color:#666;word-wrap:break-word}.jstBool{color:#2525CC}.jstNum{color:#D036D0}.jstNull{color:gray}.jstStr{color:#2DB669}.jstFold:after{content:' -';cursor:pointer}.jstExpand{white-space:normal}.jstExpand:after{content:' +';cursor:pointer}.jstFolded{white-space:normal!important}.jstHiddenBlock{display:none}
			
            
            .report-name { padding-left: 18px; } .report-name > img { float: 
      left;height: 90%;margin-left: 30px;margin-top: 3px;width: auto; }
        
        
	</style>
	
	<script type="text/javascript">
		/*! json-tree - v0.2.2 - 2017-09-25, MIT LICENSE */
		var JSONTree=function(){var n={"&":"&amp;","<":"&lt;",">":"&gt;",'"':"&quot;","'":"&#x27;","/":"&#x2F;"},t=0,r=0;this.create=function(n,t){return r+=1,N(u(n,0,!1),{class:"jstValue"})};var e=function(t){return t.replace(/[&<>'"]/g,function(t){return n[t]})},s=function(){return r+"_"+t++},u=function(n,t,r){if(null===n)return f(r?t:0);switch(typeof n){case"boolean":return l(n,r?t:0);case"number":return i(n,r?t:0);case"string":return o(n,r?t:0);default:return n instanceof Array?a(n,t,r):c(n,t,r)}},c=function(n,t,r){var e=s(),u=Object.keys(n).map(function(r){return j(r,n[r],t+1,!0)}).join(m()),c=[g("{",r?t:0,e),N(u,{id:e}),p("}",t)].join("\n");return N(c,{})},a=function(n,t,r){var e=s(),c=n.map(function(n){return u(n,t+1,!0)}).join(m());return[g("[",r?t:0,e),N(c,{id:e}),p("]",t)].join("\n")},o=function(n,t){var r=e(JSON.stringify(n));return N(v(r,t),{class:"jstStr"})},i=function(n,t){return N(v(n,t),{class:"jstNum"})},l=function(n,t){return N(v(n,t),{class:"jstBool"})},f=function(n){return N(v("null",n),{class:"jstNull"})},j=function(n,t,r){var s=v(e(JSON.stringify(n))+": ",r),c=N(u(t,r,!1),{});return N(s+c,{class:"jstProperty"})},m=function(){return N(",\n",{class:"jstComma"})},N=function(n,t){return d("span",t,n)},d=function(n,t,r){return"<"+n+Object.keys(t).map(function(n){return" "+n+'="'+t[n]+'"'}).join("")+">"+r+"</"+n+">"},g=function(n,t,r){return N(v(n,t),{class:"jstBracket"})+N("",{class:"jstFold",onclick:"JSONTree.toggle('"+r+"')"})};this.toggle=function(n){var t=document.getElementById(n),r=t.parentNode,e=t.previousElementSibling;""===t.className?(t.className="jstHiddenBlock",r.className="jstFolded",e.className="jstExpand"):(t.className="",r.className="",e.className="jstFold")};var p=function(n,t){return N(v(n,t),{})},v=function(n,t){return Array(2*t+1).join(" ")+n};return this}();
	</script>
</head>
	<body class='extent standard default hide-overflow '>
		<div id='theme-selector' alt='Click to toggle theme. To enable by default, use theme configuration.' title='Click to toggle theme. To enable by default, use theme configuration.'>
			<span><i class='material-icons'>desktop_windows</i></span>
		</div>
<nav>
	<div class="nav-wrapper">
		<a href="#!" class="brand-logo black"><img src="https://cdn.rawgit.com/extent-framework/extent-github-cdn/d74480e/commons/img/logo.png"></a>
		<!-- slideout menu -->
		<ul id='slide-out' class='side-nav fixed hide-on-med-and-down'>
			<li class='waves-effect active'><a href='#!' view='test-view' onclick="configureView(0);chartsView('test');"><i class='material-icons'>dashboard</i></a></li>
						<li class='waves-effect'><a href='#!' onclick="configureView(-1);chartsView('dashboard');" view='dashboard-view'><i class='material-icons'>track_changes</i></a></li>
		</ul>
		<!-- report name -->
		<span class='report-name'>SITA NETRUM Report
         
                <img src='file:///C:/Users/hp/OneDrive/Desktop/project%20logo.png'/>
            
        </span>
		<!-- report headline -->
		<span class='report-headline'></span>
		<!-- nav-right -->
		<ul id='nav-mobile' class='right hide-on-med-and-down nav-right'>
			<a href='#!'>
			<span class='label blue darken-3 suite-start-time'>Jun 7, 2023 09:05:02 AM</span>
			</a>
		</ul>
	</div>
</nav>		<!-- container -->
		<div class='container'>
<div id='test-view' class='view'>
	<section id='controls'>
		<div class='controls grey lighten-4'>
			<!-- test toggle -->
			<div class='chip transparent'>
				<a class='dropdown-button tests-toggle' data-activates='tests-toggle' data-constrainwidth='true' data-beloworigin='true' data-hover='true' href='#'>
				<i class='material-icons'>warning</i> Status
				</a>
				<ul id='tests-toggle' class='dropdown-content'>
										<li status='pass'><a href='#!'>Pass <i class='material-icons green-text'>check_circle</i></a></li>
					<li status='fail'><a href='#!'>Fail <i class='material-icons red-text'>cancel</i></a></li>
					<li class='divider'></li>
					<li status='clear' clear='true'><a href='#!'>Clear Filters <i class='material-icons'>clear</i></a></li>
				</ul>
			</div>
			<!-- test toggle -->
			<!-- category toggle -->
			<!-- category toggle -->
			<!-- clear filters -->
			<div class='chip transparent hide'>
				<a class='' id='clear-filters' alt='Clear Filters' title='Clear Filters'>
				<i class='material-icons'>close</i> Clear
				</a>
			</div>
			<!-- clear filters -->
			<!-- enable dashboard -->
			<div id='toggle-test-view-charts' class='chip transparent'>
				<a class='pink-text' id='enable-dashboard' alt='Enable Dashboard' title='Enable Dashboard'>
				<i class='material-icons'>track_changes</i> Dashboard
				</a>
			</div>
			<!-- enable dashboard -->
			<!-- search -->
			<div class='chip transparent' alt='Search Tests' title='Search Tests'>
				<a href="#" class='search-div'>
				<i class='material-icons'>search</i> Search
				</a>
				<div class='input-field left hide'>
					<input id='search-tests' type='text' class='validate browser-default' placeholder='Search Tests...'>
				</div>
			</div>
			<!-- search -->
		</div>
	</section>
<div id='test-view-charts' class='subview-full'>
    <div id='charts-row' class='row nm-v nm-h'>
        <div class='col s12 m6 l6 np-h'>
            <div class='card-panel nm-v'>
                <div class='left panel-name'>Tests</div>
                <div class='chart-box' style="max-height:94px;">
                    <canvas id='parent-analysis' width='90' height='70'></canvas>
                </div>
                <div class='block text-small'>
                    <span class='tooltipped' data-position='top' data-tooltip='45.455%'><span class='strong'>5</span> test(s) passed</span>
                </div>
                <div class='block text-small'>
                    <span class='strong tooltipped' data-position='top' data-tooltip='54.545%'>6</span> test(s) failed, <span class='strong tooltipped' data-position='top' data-tooltip='0%'>0</span> others
                </div>
            </div>
        </div>
        <div class='col s12 m6 l6 np-h'>
            <div class='card-panel nm-v'>
                <div class='left panel-name'>Steps</div>
                <div class='chart-box' style="max-height:94px;">
                    <canvas id='child-analysis' width='90' height='70'></canvas>
                </div>
                <div class='block text-small'>
                    <span class='tooltipped' data-position='top' data-tooltip='100%'><span class='strong'>20</span> step(s) passed</span>
                </div>
                <div class='block text-small'>
                    <span class='strong tooltipped' data-position='top' data-tooltip='0%'>0</span> step(s) failed, <span class='strong tooltipped' data-position='top' data-tooltip='0%'>0</span> others
                </div>
            </div>
        </div>
    </div>
    <div id="timeline-chart" class="row nm-v nm-h">
        <div class="col s12 m12 l12 np-h">
            <div class="card-panel">
                <div class='left panel-name'>Timeline (seconds)</div>
                <div class="chart-box" style="width:98%;max-height:145px;">
                    <canvas id="timeline" height="120"></canvas>
                </div>
            </div>
        </div>
    </div>
</div>	<div class='subview-left left'>
		<div class='view-summary'>
			<ul id='test-collection' class='test-collection'>
				<li class='test displayed active has-leaf pass' status='pass' bdd='false' test-id='1'>
					<div class='test-heading'>
						<span class='test-name'>LoginTestCase</span>
						<span class='test-time'>Jun 7, 2023 09:05:13 AM</span>
						<span class='test-status right pass'>pass</span>
					</div>
					<div class='test-content hide'>
<div class='test-time-info'>
	<span class='label start-time'>Jun 7, 2023 09:05:13 AM</span>
	<span class='label end-time'>Jun 7, 2023 09:05:13 AM</span>
	<span class='label time-taken grey lighten-1 white-text'>0h 0m 0s+0ms</span>
</div>
<div class='test-steps'>
	<table class='bordered table-results'>
		<thead>
			<tr>
				<th>Status</th>
				<th>Timestamp</th>
				<th>Details</th>
			</tr>
		</thead>
		<tbody>
			<tr class='log' status='pass'>
				<td class='status pass' title='pass' alt='pass'><i class='material-icons'>check_circle</i></td>
				<td class='timestamp'>9:05:16 AM</td>
				<td class='step-details'>
						Pass Test case is: LoginTestCase
					
				</td>
			</tr>
		</tbody>
	</table>
</div>
<ul class='collapsible node-list' data-collapsible='accordion'>
	<li class='node level-1 leaf pass' status='pass' test-id='2'>
		<div class='collapsible-header'>
			<div class='node-name'>Expected result Logo is visible and Actual result  Logo is visible</div>
			<span class='node-time'>Jun 7, 2023 09:05:13 AM</span>
			&middot; <span class='node-duration'>0h 0m 0s+0ms</span>
			<span class='test-status right pass'>pass</span>
		</div>
	</li>
</ul>
					</div>
				</li>
				<li class='test displayed active has-leaf pass' status='pass' bdd='false' test-id='3'>
					<div class='test-heading'>
						<span class='test-name'>Dashboard</span>
						<span class='test-time'>Jun 7, 2023 09:05:45 AM</span>
						<span class='test-status right pass'>pass</span>
					</div>
					<div class='test-content hide'>
<div class='test-time-info'>
	<span class='label start-time'>Jun 7, 2023 09:05:45 AM</span>
	<span class='label end-time'>Jun 7, 2023 09:06:56 AM</span>
	<span class='label time-taken grey lighten-1 white-text'>0h 1m 11s+43ms</span>
</div>
<div class='test-steps'>
	<table class='bordered table-results'>
		<thead>
			<tr>
				<th>Status</th>
				<th>Timestamp</th>
				<th>Details</th>
			</tr>
		</thead>
		<tbody>
			<tr class='log' status='pass'>
				<td class='status pass' title='pass' alt='pass'><i class='material-icons'>check_circle</i></td>
				<td class='timestamp'>9:06:56 AM</td>
				<td class='step-details'>
						Pass Test case is: Dashboard
					
				</td>
			</tr>
		</tbody>
	</table>
</div>
<ul class='collapsible node-list' data-collapsible='accordion'>
	<li class='node level-1 leaf pass' status='pass' test-id='4'>
		<div class='collapsible-header'>
			<div class='node-name'>Expected page title is Dashboard and Actual page title is Dashboard</div>
			<span class='node-time'>Jun 7, 2023 09:05:45 AM</span>
			&middot; <span class='node-duration'>0h 0m 0s+0ms</span>
			<span class='test-status right pass'>pass</span>
		</div>
	</li>
	<li class='node level-1 leaf pass' status='pass' test-id='5'>
		<div class='collapsible-header'>
			<div class='node-name'>The logo is present</div>
			<span class='node-time'>Jun 7, 2023 09:05:45 AM</span>
			&middot; <span class='node-duration'>0h 0m 0s+0ms</span>
			<span class='test-status right pass'>pass</span>
		</div>
	</li>
	<li class='node level-1 leaf pass' status='pass' test-id='6'>
		<div class='collapsible-header'>
			<div class='node-name'>Oei mttd value : 53.4 minutes</div>
			<span class='node-time'>Jun 7, 2023 09:06:43 AM</span>
			&middot; <span class='node-duration'>0h 0m 0s+0ms</span>
			<span class='test-status right pass'>pass</span>
		</div>
	</li>
	<li class='node level-1 leaf pass' status='pass' test-id='7'>
		<div class='collapsible-header'>
			<div class='node-name'>Oei mttd value : 1.83 days</div>
			<span class='node-time'>Jun 7, 2023 09:06:43 AM</span>
			&middot; <span class='node-duration'>0h 0m 0s+0ms</span>
			<span class='test-status right pass'>pass</span>
		</div>
	</li>
	<li class='node level-1 leaf pass' status='pass' test-id='8'>
		<div class='collapsible-header'>
			<div class='node-name'>Collection :3.93B</div>
			<span class='node-time'>Jun 7, 2023 09:06:44 AM</span>
			&middot; <span class='node-duration'>0h 0m 0s+0ms</span>
			<span class='test-status right pass'>pass</span>
		</div>
	</li>
	<li class='node level-1 leaf pass' status='pass' test-id='9'>
		<div class='collapsible-header'>
			<div class='node-name'>Detection :14.25M</div>
			<span class='node-time'>Jun 7, 2023 09:06:44 AM</span>
			&middot; <span class='node-duration'>0h 0m 0s+0ms</span>
			<span class='test-status right pass'>pass</span>
		</div>
	</li>
	<li class='node level-1 leaf pass' status='pass' test-id='10'>
		<div class='collapsible-header'>
			<div class='node-name'>Triage :155</div>
			<span class='node-time'>Jun 7, 2023 09:06:45 AM</span>
			&middot; <span class='node-duration'>0h 0m 0s+0ms</span>
			<span class='test-status right pass'>pass</span>
		</div>
	</li>
	<li class='node level-1 leaf pass' status='pass' test-id='11'>
		<div class='collapsible-header'>
			<div class='node-name'>Remediated :150</div>
			<span class='node-time'>Jun 7, 2023 09:06:46 AM</span>
			&middot; <span class='node-duration'>0h 0m 0s+0ms</span>
			<span class='test-status right pass'>pass</span>
		</div>
	</li>
	<li class='node level-1 leaf pass' status='pass' test-id='12'>
		<div class='collapsible-header'>
			<div class='node-name'>Alert By Confidence is present</div>
			<span class='node-time'>Jun 7, 2023 09:06:53 AM</span>
			&middot; <span class='node-duration'>0h 0m 0s+0ms</span>
			<span class='test-status right pass'>pass</span>
		</div>
	</li>
	<li class='node level-1 leaf pass' status='pass' test-id='13'>
		<div class='collapsible-header'>
			<div class='node-name'>Dashboard url is same as expected</div>
			<span class='node-time'>Jun 7, 2023 09:06:54 AM</span>
			&middot; <span class='node-duration'>0h 0m 0s+0ms</span>
			<span class='test-status right pass'>pass</span>
		</div>
	</li>
	<li class='node level-1 leaf pass' status='pass' test-id='14'>
		<div class='collapsible-header'>
			<div class='node-name'>Perspective Grid page open succesfully</div>
			<span class='node-time'>Jun 7, 2023 09:06:56 AM</span>
			&middot; <span class='node-duration'>0h 0m 0s+0ms</span>
			<span class='test-status right pass'>pass</span>
		</div>
	</li>
</ul>
					</div>
				</li>
				<li class='test displayed active has-leaf fail' status='fail' bdd='false' test-id='15'>
					<div class='test-heading'>
						<span class='test-name'>Insights</span>
						<span class='test-time'>Jun 7, 2023 09:07:29 AM</span>
						<span class='test-status right fail'>fail</span>
					</div>
					<div class='test-content hide'>
<div class='test-time-info'>
	<span class='label start-time'>Jun 7, 2023 09:07:29 AM</span>
	<span class='label end-time'>Jun 7, 2023 09:07:29 AM</span>
	<span class='label time-taken grey lighten-1 white-text'>0h 0m 0s+0ms</span>
</div>
<div class='test-steps'>
	<table class='bordered table-results'>
		<thead>
			<tr>
				<th>Status</th>
				<th>Timestamp</th>
				<th>Details</th>
			</tr>
		</thead>
		<tbody>
			<tr class='log' status='fail'>
				<td class='status fail' title='fail' alt='fail'><i class='material-icons'>cancel</i></td>
				<td class='timestamp'>9:07:32 AM</td>
				<td class='step-details'>
						<span class='badge white-text red'>Insights - Test Case Failed</span>
					
				</td>
			</tr>
			<tr class='log' status='fail'>
				<td class='status fail' title='fail' alt='fail'><i class='material-icons'>cancel</i></td>
				<td class='timestamp'>9:07:32 AM</td>
				<td class='step-details'>
						<span class='badge white-text red'>org.openqa.selenium.ElementClickInterceptedException: element click intercepted: Element <rect x="51" y="163" width="153" height="41" fill="#19A7CE" stroke="#ffffff" stroke-width="0" opacity="1" class="highcharts-point"></rect> is not clickable at point (237, 433). Other element would receive the click: <rect x="51" y="23" width="153" height="181" fill="#FB9800" stroke="#ffffff" stroke-width="0" opacity="1" class="highcharts-point"></rect>
  (Session info: chrome=114.0.5735.110)
Build info: version: '4.9.1', revision: 'eb2032df7f'
System info: os.name: 'Windows 11', os.arch: 'amd64', os.version: '10.0', java.version: '17.0.3'
Driver info: org.openqa.selenium.chrome.ChromeDriver
Command: [27187195fda72afaa59abe505336926e, clickElement {id=DCAE82D33D82EE12412A2DCA4164348D_element_84}]
Capabilities {acceptInsecureCerts: false, browserName: chrome, browserVersion: 114.0.5735.110, chrome: {chromedriverVersion: 114.0.5735.90 (386bc09e8f4f..., userDataDir: C:\Users\hp\AppData\Local\T...}, goog:chromeOptions: {debuggerAddress: localhost:56196}, networkConnectionEnabled: false, pageLoadStrategy: normal, platformName: windows, proxy: Proxy(), se:cdp: ws://localhost:56196/devtoo..., se:cdpVersion: 114.0.5735.110, setWindowRect: true, strictFileInteractability: false, timeouts: {implicit: 0, pageLoad: 300000, script: 30000}, unhandledPromptBehavior: dismiss and notify, webauthn:extension:credBlob: true, webauthn:extension:largeBlob: true, webauthn:extension:minPinLength: true, webauthn:extension:prf: true, webauthn:virtualAuthenticators: true}
Element: [[ChromeDriver: chrome on windows (27187195fda72afaa59abe505336926e)] -> xpath: (//*[local-name()='svg']//*[name()='g' and @class='highcharts-series-group']//*[name()='rect'])[1]]
Session ID: 27187195fda72afaa59abe505336926e - Test Case Failed</span>
					
				</td>
			</tr>
		</tbody>
	</table>
</div>
<ul class='collapsible node-list' data-collapsible='accordion'>
	<li class='node level-1 leaf pass' status='pass' test-id='16'>
		<div class='collapsible-header'>
			<div class='node-name'>Expected page title is insights and Actual page title is insights</div>
			<span class='node-time'>Jun 7, 2023 09:07:29 AM</span>
			&middot; <span class='node-duration'>0h 0m 0s+0ms</span>
			<span class='test-status right pass'>pass</span>
		</div>
	</li>
</ul>
						<ul class='screenshots'>
							<li><img class='r-img' onerror='this.style.display="none"' data-featherlight='C:\Users\hp\eclipse-workspace\DevSitaNetrum\Screenshot\Insights_20230607090732.png' src='C:\Users\hp\eclipse-workspace\DevSitaNetrum\Screenshot\Insights_20230607090732.png' data-src='C:\Users\hp\eclipse-workspace\DevSitaNetrum\Screenshot\Insights_20230607090732.png'></li>
						</ul>
					</div>
				</li>
				<li class='test displayed active  fail' status='fail' bdd='false' test-id='17'>
					<div class='test-heading'>
						<span class='test-name'>OEI</span>
						<span class='test-time'>Jun 7, 2023 09:07:42 AM</span>
						<span class='test-status right fail'>fail</span>
					</div>
					<div class='test-content hide'>
<div class='test-time-info'>
	<span class='label start-time'>Jun 7, 2023 09:07:42 AM</span>
	<span class='label end-time'>Jun 7, 2023 09:07:58 AM</span>
	<span class='label time-taken grey lighten-1 white-text'>0h 0m 15s+582ms</span>
</div>
<div class='test-steps'>
	<table class='bordered table-results'>
		<thead>
			<tr>
				<th>Status</th>
				<th>Timestamp</th>
				<th>Details</th>
			</tr>
		</thead>
		<tbody>
			<tr class='log' status='fail'>
				<td class='status fail' title='fail' alt='fail'><i class='material-icons'>cancel</i></td>
				<td class='timestamp'>9:07:58 AM</td>
				<td class='step-details'>
						<span class='badge white-text red'>OEI - Test Case Failed</span>
					
				</td>
			</tr>
			<tr class='log' status='fail'>
				<td class='status fail' title='fail' alt='fail'><i class='material-icons'>cancel</i></td>
				<td class='timestamp'>9:07:58 AM</td>
				<td class='step-details'>
						<span class='badge white-text red'>org.openqa.selenium.NoSuchElementException: no such element: Unable to locate element: {"method":"link text","selector":"OEI"}
  (Session info: chrome=114.0.5735.110)
For documentation on this error, please visit: https://selenium.dev/exceptions/#no_such_element
Build info: version: '4.9.1', revision: 'eb2032df7f'
System info: os.name: 'Windows 11', os.arch: 'amd64', os.version: '10.0', java.version: '17.0.3'
Driver info: org.openqa.selenium.chrome.ChromeDriver
Command: [65c561a27d7b5196021d72282cef72d3, findElement {using=link text, value=OEI}]
Capabilities {acceptInsecureCerts: false, browserName: chrome, browserVersion: 114.0.5735.110, chrome: {chromedriverVersion: 114.0.5735.90 (386bc09e8f4f..., userDataDir: C:\Users\hp\AppData\Local\T...}, goog:chromeOptions: {debuggerAddress: localhost:56487}, networkConnectionEnabled: false, pageLoadStrategy: normal, platformName: windows, proxy: Proxy(), se:cdp: ws://localhost:56487/devtoo..., se:cdpVersion: 114.0.5735.110, setWindowRect: true, strictFileInteractability: false, timeouts: {implicit: 0, pageLoad: 300000, script: 30000}, unhandledPromptBehavior: dismiss and notify, webauthn:extension:credBlob: true, webauthn:extension:largeBlob: true, webauthn:extension:minPinLength: true, webauthn:extension:prf: true, webauthn:virtualAuthenticators: true}
Session ID: 65c561a27d7b5196021d72282cef72d3 - Test Case Failed</span>
					
				</td>
			</tr>
		</tbody>
	</table>
</div>
						<ul class='screenshots'>
							<li><img class='r-img' onerror='this.style.display="none"' data-featherlight='C:\Users\hp\eclipse-workspace\DevSitaNetrum\Screenshot\OEI_20230607090758.png' src='C:\Users\hp\eclipse-workspace\DevSitaNetrum\Screenshot\OEI_20230607090758.png' data-src='C:\Users\hp\eclipse-workspace\DevSitaNetrum\Screenshot\OEI_20230607090758.png'></li>
						</ul>
					</div>
				</li>
				<li class='test displayed active  fail' status='fail' bdd='false' test-id='18'>
					<div class='test-heading'>
						<span class='test-name'>Risk</span>
						<span class='test-time'>Jun 7, 2023 09:08:06 AM</span>
						<span class='test-status right fail'>fail</span>
					</div>
					<div class='test-content hide'>
<div class='test-time-info'>
	<span class='label start-time'>Jun 7, 2023 09:08:06 AM</span>
	<span class='label end-time'>Jun 7, 2023 09:10:20 AM</span>
	<span class='label time-taken grey lighten-1 white-text'>0h 2m 14s+97ms</span>
</div>
<div class='test-steps'>
	<table class='bordered table-results'>
		<thead>
			<tr>
				<th>Status</th>
				<th>Timestamp</th>
				<th>Details</th>
			</tr>
		</thead>
		<tbody>
			<tr class='log' status='fail'>
				<td class='status fail' title='fail' alt='fail'><i class='material-icons'>cancel</i></td>
				<td class='timestamp'>9:10:20 AM</td>
				<td class='step-details'>
						<span class='badge white-text red'>Risk - Test Case Failed</span>
					
				</td>
			</tr>
			<tr class='log' status='fail'>
				<td class='status fail' title='fail' alt='fail'><i class='material-icons'>cancel</i></td>
				<td class='timestamp'>9:10:20 AM</td>
				<td class='step-details'>
						<span class='badge white-text red'>org.openqa.selenium.interactions.MoveTargetOutOfBoundsException: move target out of bounds
  (Session info: chrome=114.0.5735.110)
Build info: version: '4.9.1', revision: 'eb2032df7f'
System info: os.name: 'Windows 11', os.arch: 'amd64', os.version: '10.0', java.version: '17.0.3'
Driver info: org.openqa.selenium.chrome.ChromeDriver
Command: [a79687b650f4f490e43dd5f0773ac0e8, actions {actions=[org.openqa.selenium.interactions.Sequence@55951fcd]}]
Capabilities {acceptInsecureCerts: false, browserName: chrome, browserVersion: 114.0.5735.110, chrome: {chromedriverVersion: 114.0.5735.90 (386bc09e8f4f..., userDataDir: C:\Users\hp\AppData\Local\T...}, goog:chromeOptions: {debuggerAddress: localhost:56625}, networkConnectionEnabled: false, pageLoadStrategy: normal, platformName: windows, proxy: Proxy(), se:cdp: ws://localhost:56625/devtoo..., se:cdpVersion: 114.0.5735.110, setWindowRect: true, strictFileInteractability: false, timeouts: {implicit: 0, pageLoad: 300000, script: 30000}, unhandledPromptBehavior: dismiss and notify, webauthn:extension:credBlob: true, webauthn:extension:largeBlob: true, webauthn:extension:minPinLength: true, webauthn:extension:prf: true, webauthn:virtualAuthenticators: true}
Session ID: a79687b650f4f490e43dd5f0773ac0e8 - Test Case Failed</span>
					
				</td>
			</tr>
		</tbody>
	</table>
</div>
						<ul class='screenshots'>
							<li><img class='r-img' onerror='this.style.display="none"' data-featherlight='C:\Users\hp\eclipse-workspace\DevSitaNetrum\Screenshot\Risk_20230607091020.png' src='C:\Users\hp\eclipse-workspace\DevSitaNetrum\Screenshot\Risk_20230607091020.png' data-src='C:\Users\hp\eclipse-workspace\DevSitaNetrum\Screenshot\Risk_20230607091020.png'></li>
						</ul>
					</div>
				</li>
				<li class='test displayed active  pass' status='pass' bdd='false' test-id='19'>
					<div class='test-heading'>
						<span class='test-name'>SecurityPulse</span>
						<span class='test-time'>Jun 7, 2023 09:10:36 AM</span>
						<span class='test-status right pass'>pass</span>
					</div>
					<div class='test-content hide'>
<div class='test-time-info'>
	<span class='label start-time'>Jun 7, 2023 09:10:36 AM</span>
	<span class='label end-time'>Jun 7, 2023 09:12:23 AM</span>
	<span class='label time-taken grey lighten-1 white-text'>0h 1m 47s+357ms</span>
</div>
<div class='test-steps'>
	<table class='bordered table-results'>
		<thead>
			<tr>
				<th>Status</th>
				<th>Timestamp</th>
				<th>Details</th>
			</tr>
		</thead>
		<tbody>
			<tr class='log' status='pass'>
				<td class='status pass' title='pass' alt='pass'><i class='material-icons'>check_circle</i></td>
				<td class='timestamp'>9:12:23 AM</td>
				<td class='step-details'>
						Pass Test case is: SecurityPulse
					
				</td>
			</tr>
		</tbody>
	</table>
</div>
					</div>
				</li>
				<li class='test displayed active  fail' status='fail' bdd='false' test-id='20'>
					<div class='test-heading'>
						<span class='test-name'>Perspective</span>
						<span class='test-time'>Jun 7, 2023 09:12:34 AM</span>
						<span class='test-status right fail'>fail</span>
					</div>
					<div class='test-content hide'>
<div class='test-time-info'>
	<span class='label start-time'>Jun 7, 2023 09:12:34 AM</span>
	<span class='label end-time'>Jun 7, 2023 09:16:00 AM</span>
	<span class='label time-taken grey lighten-1 white-text'>0h 3m 26s+750ms</span>
</div>
<div class='test-steps'>
	<table class='bordered table-results'>
		<thead>
			<tr>
				<th>Status</th>
				<th>Timestamp</th>
				<th>Details</th>
			</tr>
		</thead>
		<tbody>
			<tr class='log' status='fail'>
				<td class='status fail' title='fail' alt='fail'><i class='material-icons'>cancel</i></td>
				<td class='timestamp'>9:16:00 AM</td>
				<td class='step-details'>
						<span class='badge white-text red'>Perspective - Test Case Failed</span>
					
				</td>
			</tr>
			<tr class='log' status='fail'>
				<td class='status fail' title='fail' alt='fail'><i class='material-icons'>cancel</i></td>
				<td class='timestamp'>9:16:00 AM</td>
				<td class='step-details'>
						<span class='badge white-text red'>org.openqa.selenium.StaleElementReferenceException: stale element reference: stale element not found
  (Session info: chrome=114.0.5735.110)
For documentation on this error, please visit: https://selenium.dev/exceptions/#stale_element_reference
Build info: version: '4.9.1', revision: 'eb2032df7f'
System info: os.name: 'Windows 11', os.arch: 'amd64', os.version: '10.0', java.version: '17.0.3'
Driver info: org.openqa.selenium.chrome.ChromeDriver
Command: [97b06a09caa8fd3e2e8dff65ff5b6db3, clickElement {id=620E03B987C378609C21CB9527C916AD_element_190}]
Capabilities {acceptInsecureCerts: false, browserName: chrome, browserVersion: 114.0.5735.110, chrome: {chromedriverVersion: 114.0.5735.90 (386bc09e8f4f..., userDataDir: C:\Users\hp\AppData\Local\T...}, goog:chromeOptions: {debuggerAddress: localhost:58013}, networkConnectionEnabled: false, pageLoadStrategy: normal, platformName: windows, proxy: Proxy(), se:cdp: ws://localhost:58013/devtoo..., se:cdpVersion: 114.0.5735.110, setWindowRect: true, strictFileInteractability: false, timeouts: {implicit: 0, pageLoad: 300000, script: 30000}, unhandledPromptBehavior: dismiss and notify, webauthn:extension:credBlob: true, webauthn:extension:largeBlob: true, webauthn:extension:minPinLength: true, webauthn:extension:prf: true, webauthn:virtualAuthenticators: true}
Element: [[ChromeDriver: chrome on windows (97b06a09caa8fd3e2e8dff65ff5b6db3)] -> xpath: //button[normalize-space()='Preview']]
Session ID: 97b06a09caa8fd3e2e8dff65ff5b6db3 - Test Case Failed</span>
					
				</td>
			</tr>
		</tbody>
	</table>
</div>
						<ul class='screenshots'>
							<li><img class='r-img' onerror='this.style.display="none"' data-featherlight='C:\Users\hp\eclipse-workspace\DevSitaNetrum\Screenshot\Perspective_20230607091600.png' src='C:\Users\hp\eclipse-workspace\DevSitaNetrum\Screenshot\Perspective_20230607091600.png' data-src='C:\Users\hp\eclipse-workspace\DevSitaNetrum\Screenshot\Perspective_20230607091600.png'></li>
						</ul>
					</div>
				</li>
				<li class='test displayed active  fail' status='fail' bdd='false' test-id='21'>
					<div class='test-heading'>
						<span class='test-name'>EditProfile</span>
						<span class='test-time'>Jun 7, 2023 09:16:08 AM</span>
						<span class='test-status right fail'>fail</span>
					</div>
					<div class='test-content hide'>
<div class='test-time-info'>
	<span class='label start-time'>Jun 7, 2023 09:16:08 AM</span>
	<span class='label end-time'>Jun 7, 2023 09:16:36 AM</span>
	<span class='label time-taken grey lighten-1 white-text'>0h 0m 27s+987ms</span>
</div>
<div class='test-steps'>
	<table class='bordered table-results'>
		<thead>
			<tr>
				<th>Status</th>
				<th>Timestamp</th>
				<th>Details</th>
			</tr>
		</thead>
		<tbody>
			<tr class='log' status='fail'>
				<td class='status fail' title='fail' alt='fail'><i class='material-icons'>cancel</i></td>
				<td class='timestamp'>9:16:36 AM</td>
				<td class='step-details'>
						<span class='badge white-text red'>EditProfile - Test Case Failed</span>
					
				</td>
			</tr>
			<tr class='log' status='fail'>
				<td class='status fail' title='fail' alt='fail'><i class='material-icons'>cancel</i></td>
				<td class='timestamp'>9:16:36 AM</td>
				<td class='step-details'>
						<span class='badge white-text red'>org.openqa.selenium.NoSuchElementException: no such element: Unable to locate element: {"method":"xpath","selector":"//input[@id='formHorizontalFirstName']"}
  (Session info: chrome=114.0.5735.110)
For documentation on this error, please visit: https://selenium.dev/exceptions/#no_such_element
Build info: version: '4.9.1', revision: 'eb2032df7f'
System info: os.name: 'Windows 11', os.arch: 'amd64', os.version: '10.0', java.version: '17.0.3'
Driver info: org.openqa.selenium.chrome.ChromeDriver
Command: [fd72e5370dbbbf5d1b6ffe04bb25eca1, findElement {using=xpath, value=//input[@id='formHorizontalFirstName']}]
Capabilities {acceptInsecureCerts: false, browserName: chrome, browserVersion: 114.0.5735.110, chrome: {chromedriverVersion: 114.0.5735.90 (386bc09e8f4f..., userDataDir: C:\Users\hp\AppData\Local\T...}, goog:chromeOptions: {debuggerAddress: localhost:58399}, networkConnectionEnabled: false, pageLoadStrategy: normal, platformName: windows, proxy: Proxy(), se:cdp: ws://localhost:58399/devtoo..., se:cdpVersion: 114.0.5735.110, setWindowRect: true, strictFileInteractability: false, timeouts: {implicit: 0, pageLoad: 300000, script: 30000}, unhandledPromptBehavior: dismiss and notify, webauthn:extension:credBlob: true, webauthn:extension:largeBlob: true, webauthn:extension:minPinLength: true, webauthn:extension:prf: true, webauthn:virtualAuthenticators: true}
Session ID: fd72e5370dbbbf5d1b6ffe04bb25eca1 - Test Case Failed</span>
					
				</td>
			</tr>
		</tbody>
	</table>
</div>
						<ul class='screenshots'>
							<li><img class='r-img' onerror='this.style.display="none"' data-featherlight='C:\Users\hp\eclipse-workspace\DevSitaNetrum\Screenshot\EditProfile_20230607091636.png' src='C:\Users\hp\eclipse-workspace\DevSitaNetrum\Screenshot\EditProfile_20230607091636.png' data-src='C:\Users\hp\eclipse-workspace\DevSitaNetrum\Screenshot\EditProfile_20230607091636.png'></li>
						</ul>
					</div>
				</li>
				<li class='test displayed active  fail' status='fail' bdd='false' test-id='22'>
					<div class='test-heading'>
						<span class='test-name'>LoginTestCaseNegative</span>
						<span class='test-time'>Jun 7, 2023 09:16:46 AM</span>
						<span class='test-status right fail'>fail</span>
					</div>
					<div class='test-content hide'>
<div class='test-time-info'>
	<span class='label start-time'>Jun 7, 2023 09:16:46 AM</span>
	<span class='label end-time'>Jun 7, 2023 09:16:52 AM</span>
	<span class='label time-taken grey lighten-1 white-text'>0h 0m 5s+727ms</span>
</div>
<div class='test-steps'>
	<table class='bordered table-results'>
		<thead>
			<tr>
				<th>Status</th>
				<th>Timestamp</th>
				<th>Details</th>
			</tr>
		</thead>
		<tbody>
			<tr class='log' status='fail'>
				<td class='status fail' title='fail' alt='fail'><i class='material-icons'>cancel</i></td>
				<td class='timestamp'>9:16:52 AM</td>
				<td class='step-details'>
						<span class='badge white-text red'>LoginTestCaseNegative - Test Case Failed</span>
					
				</td>
			</tr>
			<tr class='log' status='fail'>
				<td class='status fail' title='fail' alt='fail'><i class='material-icons'>cancel</i></td>
				<td class='timestamp'>9:16:52 AM</td>
				<td class='step-details'>
						<span class='badge white-text red'>java.lang.AssertionError: The following asserts failed:
	expected [Password verification failed.] but found [No user found with this email.] - Test Case Failed</span>
					
				</td>
			</tr>
		</tbody>
	</table>
</div>
						<ul class='screenshots'>
							<li><img class='r-img' onerror='this.style.display="none"' data-featherlight='C:\Users\hp\eclipse-workspace\DevSitaNetrum\Screenshot\LoginTestCaseNegative_20230607091652.png' src='C:\Users\hp\eclipse-workspace\DevSitaNetrum\Screenshot\LoginTestCaseNegative_20230607091652.png' data-src='C:\Users\hp\eclipse-workspace\DevSitaNetrum\Screenshot\LoginTestCaseNegative_20230607091652.png'></li>
						</ul>
					</div>
				</li>
				<li class='test displayed active has-leaf pass' status='pass' bdd='false' test-id='23'>
					<div class='test-heading'>
						<span class='test-name'>Perspective_Negative_Test</span>
						<span class='test-time'>Jun 7, 2023 09:19:55 AM</span>
						<span class='test-status right pass'>pass</span>
					</div>
					<div class='test-content hide'>
<div class='test-time-info'>
	<span class='label start-time'>Jun 7, 2023 09:19:55 AM</span>
	<span class='label end-time'>Jun 7, 2023 09:20:58 AM</span>
	<span class='label time-taken grey lighten-1 white-text'>0h 1m 2s+685ms</span>
</div>
<div class='test-steps'>
	<table class='bordered table-results'>
		<thead>
			<tr>
				<th>Status</th>
				<th>Timestamp</th>
				<th>Details</th>
			</tr>
		</thead>
		<tbody>
			<tr class='log' status='pass'>
				<td class='status pass' title='pass' alt='pass'><i class='material-icons'>check_circle</i></td>
				<td class='timestamp'>9:20:58 AM</td>
				<td class='step-details'>
						Pass Test case is: Perspective_Negative_Test
					
				</td>
			</tr>
		</tbody>
	</table>
</div>
<ul class='collapsible node-list' data-collapsible='accordion'>
	<li class='node level-1 leaf pass' status='pass' test-id='24'>
		<div class='collapsible-header'>
			<div class='node-name'>Error message for upload graph is: Image Size Limit Exceeded 500Kb</div>
			<span class='node-time'>Jun 7, 2023 09:19:55 AM</span>
			&middot; <span class='node-duration'>0h 0m 0s+0ms</span>
			<span class='test-status right pass'>pass</span>
		</div>
	</li>
	<li class='node level-1 leaf pass' status='pass' test-id='25'>
		<div class='collapsible-header'>
			<div class='node-name'>Error message for Perspective Information is : Input Limit Exceded</div>
			<span class='node-time'>Jun 7, 2023 09:20:29 AM</span>
			&middot; <span class='node-duration'>0h 0m 0s+0ms</span>
			<span class='test-status right pass'>pass</span>
		</div>
	</li>
	<li class='node level-1 leaf pass' status='pass' test-id='26'>
		<div class='collapsible-header'>
			<div class='node-name'>Error message for Recommendation Information is : Input Limit Exceded</div>
			<span class='node-time'>Jun 7, 2023 09:20:47 AM</span>
			&middot; <span class='node-duration'>0h 0m 0s+0ms</span>
			<span class='test-status right pass'>pass</span>
		</div>
	</li>
	<li class='node level-1 leaf pass' status='pass' test-id='27'>
		<div class='collapsible-header'>
			<div class='node-name'>Can'not submit perspective due to graph size exceeded. please make sure graph size should be less than 500kb</div>
			<span class='node-time'>Jun 7, 2023 09:20:58 AM</span>
			&middot; <span class='node-duration'>0h 0m 0s+0ms</span>
			<span class='test-status right pass'>pass</span>
		</div>
	</li>
</ul>
					</div>
				</li>
				<li class='test displayed active has-leaf pass' status='pass' bdd='false' test-id='28'>
					<div class='test-heading'>
						<span class='test-name'>EditProfileNegative</span>
						<span class='test-time'>Jun 7, 2023 09:21:56 AM</span>
						<span class='test-status right pass'>pass</span>
					</div>
					<div class='test-content hide'>
<div class='test-time-info'>
	<span class='label start-time'>Jun 7, 2023 09:21:56 AM</span>
	<span class='label end-time'>Jun 7, 2023 09:22:45 AM</span>
	<span class='label time-taken grey lighten-1 white-text'>0h 0m 48s+596ms</span>
</div>
<div class='test-steps'>
	<table class='bordered table-results'>
		<thead>
			<tr>
				<th>Status</th>
				<th>Timestamp</th>
				<th>Details</th>
			</tr>
		</thead>
		<tbody>
			<tr class='log' status='pass'>
				<td class='status pass' title='pass' alt='pass'><i class='material-icons'>check_circle</i></td>
				<td class='timestamp'>9:23:11 AM</td>
				<td class='step-details'>
						Pass Test case is: EditProfileNegative
					
				</td>
			</tr>
		</tbody>
	</table>
</div>
<ul class='collapsible node-list' data-collapsible='accordion'>
	<li class='node level-1 leaf pass' status='pass' test-id='29'>
		<div class='collapsible-header'>
			<div class='node-name'>Error message for Edit profile is: The first name must contain alpha characters only</div>
			<span class='node-time'>Jun 7, 2023 09:21:56 AM</span>
			&middot; <span class='node-duration'>0h 0m 0s+0ms</span>
			<span class='test-status right pass'>pass</span>
		</div>
	</li>
	<li class='node level-1 leaf pass' status='pass' test-id='30'>
		<div class='collapsible-header'>
			<div class='node-name'>Error message for profile photo is: Error Occured while fetching the data. Please contact administrator.</div>
			<span class='node-time'>Jun 7, 2023 09:22:21 AM</span>
			&middot; <span class='node-duration'>0h 0m 0s+0ms</span>
			<span class='test-status right pass'>pass</span>
		</div>
	</li>
	<li class='node level-1 leaf pass' status='pass' test-id='31'>
		<div class='collapsible-header'>
			<div class='node-name'>Error message for password is: Passwords don't match</div>
			<span class='node-time'>Jun 7, 2023 09:22:45 AM</span>
			&middot; <span class='node-duration'>0h 0m 0s+0ms</span>
			<span class='test-status right pass'>pass</span>
		</div>
	</li>
</ul>
					</div>
				</li>
			</ul>
		</div>
	</div>
	<!-- subview left -->
	<div class='subview-right left'>
		<div class='view-summary'>
			<div id='step-filters' class="right sr-filters">
				<a class="btn-floating waves-effect waves-light green" status="pass" alt="pass" title="pass"><i class="material-icons">check_circle</i></a>
				<a class="btn-floating waves-effect waves-light red" status="fail" alt="fail" title="fail"><i class="material-icons">cancel</i></a>
				<a class="btn-floating waves-effect waves-light red darken-4" status="fatal" alt="fatal" title="fatal"><i class="material-icons">cancel</i></a>
				<a class="btn-floating waves-effect waves-light pink text-lighten-1" status="error" alt="error" title="error"><i class="material-icons">error</i></a>
				<a class="btn-floating waves-effect waves-light orange" alt="warning" status="warning" title="warning"><i class="material-icons">warning</i></a>
				<a class="btn-floating waves-effect waves-light teal" status="skip" alt="skip" title="skip"><i class="material-icons">redo</i></a>
				<a class="btn-floating waves-effect waves-light grey" status="clear" alt="Clear filters" title="Clear filters"><i class="material-icons">clear</i></a>
			</div>
			<h5 class='test-name'></h5>
		</div>
	</div>
	<!-- subview right -->
</div>
<!-- test view --><!-- category view --><!-- exception view --><div id='dashboard-view' class='view hide'>
	<div class='card-panel transparent np-v'>
		<h5>Dashboard</h5>

		<div class='row'>
			<div class='col s2'>
				<div class='card-panel r'>
					Tests
					<div class='panel-lead'>11</div>
				</div>
			</div>
			<div class='col s2'>
				<div class='card-panel r'>
					Steps
					<div class='panel-lead'>20</div>
				</div>
			</div>
			<div class='col s2'>
				<div class='card-panel r'>
					Start
					<div class='panel-lead'>Jun 7, 2023 09:05:02 AM</div>
				</div>
			</div>
			<div class='col s2'>
				<div class='card-panel r'>
			 		End
			 		<div class='panel-lead'>Jun 7, 2023 09:23:11 AM</div>
				</div>
			</div>
			<div class='col s2'>
				<div class='card-panel r'>
					Time Taken
					<div class='panel-lead'>0h 18m 9s+120ms</div>
				</div>
			</div>
			<div class='col s4'>
				<div class='card-panel dashboard-environment'>
					<span class='right label cyan white-text'>Environment</span><p>&nbsp;</p>
					
					<table>
						<tr>
							<th>Name</th>
							<th>Value</th>
						</tr>
							<tr>
								<td>HostName</td>
								<td>MyHost</td>
							</tr>
							<tr>
								<td>ProjectName</td>
								<td>SITA NETRUM</td>
							</tr>
							<tr>
								<td>Tester</td>
								<td>Rushikesh Taware and Komal Khawale</td>
							</tr>
							<tr>
								<td>OS</td>
								<td>Windows 11</td>
							</tr>
							<tr>
								<td>Browser</td>
								<td>Chrome- Version 114.0.5735.110 (Official Build) (32-bit)</td>
							</tr>
							<tr>
								<td>Company</td>
								<td>Samta Infotech Pvt Ltd</td>
							</tr>
					</table>
				</div>
			</div>
		</div>
	</div>
</div>
<!-- dashboard view -->
<!-- testrunner-logs view -->		</div>
		<!-- container -->
		<script>
			var statusGroup = {
                parentCount: 11,
				passParent: 5,
				failParent: 6,
				fatalParent: 0,
				errorParent: 0,
				warningParent: 0,
				skipParent: 0,
				exceptionsParent: 6,
				childCount: 20,
				passChild: 20,
				failChild: 0,
				fatalChild: 0,
				errorChild: 0,
				warningChild: 0,
				skipChild: 0,
				infoChild: 0,
				debugChild: 0,
				exceptionsChild: 0,
				grandChildCount: 0,
				passGrandChild: 0,
				failGrandChild: 0,
				fatalGrandChild: 0,
				errorGrandChild: 0,
				warningGrandChild: 0,
				skipGrandChild: 0,
				infoGrandChild: 0,
				debugGrandChild: 0,
				exceptionsGrandChild: 0,
			};
		</script>
		<script>
			var timeline = {
			        "LoginTestCase":0,"Dashboard":71.043,"Insights":0,"OEI":15.582,"Risk":134.097,"SecurityPulse":107.357,"Perspective":206.75,"EditProfile":27.987,"LoginTestCaseNegative":5.727,"Perspective_Negative_Test":62.685,"EditProfileNegative":48.596
			};
		</script>
		<script src='http://cdn.rawgit.com/extent-framework/extent-github-cdn/b65cd69/v3html/js/extent.js' type='text/javascript'></script>
		<script type='text/javascript'>
			
            
                $(document).ready(function() {
                    
                });
            
        
		</script>
	</body>
</html>